<?xml version="1.0" encoding="UTF-8"?>
<robot generator="Robot 7.0.1 (Python 3.11.9 on win32)" generated="2024-08-08T11:22:40.584794" rpa="false" schemaversion="5">
<suite id="s1" name="TestCasesBDDExemplo" source="C:\robot_framework\TestCasesBDDExemplo.robot">
<test id="s1-t1" name="Cenário 01: Pesquisar postagem" line="7">
<kw name="Dado que esteja na tela HOME do blog robotizando testes" owner="BDDpt-br" source_name="Dado ${Keyword}">
<kw name="Run Keyword" owner="BuiltIn">
<kw name="Que esteja na tela HOME do blog robotizando testes" owner="ResourceBDD">
<kw name="Acessar blog robotizandotestes" owner="ResourceBDD">
<kw name="Open Browser" owner="SeleniumLibrary">
<msg time="2024-08-08T11:22:40.770743" level="INFO">Opening browser 'chrome' to base url 'https://robotizandotestes.blogspot.com.br/'.</msg>
<arg>${URL}</arg>
<arg>${BROWSER}</arg>
<doc>Opens a new browser instance to the optional ``url``.</doc>
<status status="PASS" start="2024-08-08T11:22:40.770743" elapsed="6.692578"/>
</kw>
<kw name="Wait Until Element Is Visible" owner="SeleniumLibrary">
<arg>${CABEÇALHO}</arg>
<doc>Waits until the element ``locator`` is visible.</doc>
<status status="PASS" start="2024-08-08T11:22:47.464320" elapsed="0.017951"/>
</kw>
<kw name="Title Should Be" owner="SeleniumLibrary">
<msg time="2024-08-08T11:22:47.486260" level="INFO">Page title is 'Robotizando Testes'.</msg>
<arg>Robotizando Testes</arg>
<doc>Verifies that the current page title equals ``title``.</doc>
<status status="PASS" start="2024-08-08T11:22:47.482271" elapsed="0.003989"/>
</kw>
<status status="PASS" start="2024-08-08T11:22:40.770743" elapsed="6.715517"/>
</kw>
<status status="PASS" start="2024-08-08T11:22:40.770743" elapsed="6.715517"/>
</kw>
<arg>${Keyword}</arg>
<doc>Executes the given keyword with the given arguments.</doc>
<status status="PASS" start="2024-08-08T11:22:40.770743" elapsed="6.715517"/>
</kw>
<status status="PASS" start="2024-08-08T11:22:40.770743" elapsed="6.715517"/>
</kw>
<kw name="Quando pesquisar pela palavra &quot;introdução&quot;" owner="BDDpt-br" source_name="Quando ${KEYWORD}">
<kw name="Run Keyword" owner="BuiltIn">
<kw name="pesquisar pela palavra &quot;introdução&quot;" owner="ResourceBDD" source_name="Pesquisar pela palavra &quot;${BUSCA}&quot;">
<kw name="Pesquisar a postagem pela palavra &quot;${BUSCA}&quot;" owner="ResourceBDD" source_name="Pesquisar a postagem pela palavra &quot;${BUSCA}&quot;">
<kw name="Click Element" owner="SeleniumLibrary">
<msg time="2024-08-08T11:22:47.488255" level="INFO">Clicking element 'css=.search-expand.touch-icon-button'.</msg>
<arg>${BOTAO_LUPA}</arg>
<doc>Click the element identified by ``locator``.</doc>
<status status="PASS" start="2024-08-08T11:22:47.487257" elapsed="0.044294"/>
</kw>
<kw name="Input Text" owner="SeleniumLibrary">
<msg time="2024-08-08T11:22:47.531551" level="INFO">Typing text 'introdução' into text field 'css=.search-input&gt;input'.</msg>
<arg>${CAMPO_PESQUISAR}</arg>
<arg>${BUSCA}</arg>
<doc>Types the given ``text`` into the text field identified by ``locator``.</doc>
<status status="PASS" start="2024-08-08T11:22:47.531551" elapsed="0.081226"/>
</kw>
<kw name="Click Element" owner="SeleniumLibrary">
<msg time="2024-08-08T11:22:47.612777" level="INFO">Clicking element 'css=.search-action.flat-button'.</msg>
<arg>${BOTAO_PESQUISAR}</arg>
<doc>Click the element identified by ``locator``.</doc>
<status status="PASS" start="2024-08-08T11:22:47.612777" elapsed="2.748485"/>
</kw>
<kw name="Wait Until Element Is Visible" owner="SeleniumLibrary">
<arg>${LINK_POST}</arg>
<doc>Waits until the element ``locator`` is visible.</doc>
<status status="PASS" start="2024-08-08T11:22:50.361262" elapsed="0.019262"/>
</kw>
<status status="PASS" start="2024-08-08T11:22:47.487257" elapsed="2.893267"/>
</kw>
<status status="PASS" start="2024-08-08T11:22:47.487257" elapsed="2.893267"/>
</kw>
<arg>${KEYWORD}</arg>
<doc>Executes the given keyword with the given arguments.</doc>
<status status="PASS" start="2024-08-08T11:22:47.487257" elapsed="2.893267"/>
</kw>
<status status="PASS" start="2024-08-08T11:22:47.486260" elapsed="2.894264"/>
</kw>
<kw name="Então a postagem &quot;Season Premiere: Introdução ao Robot Framework&quot; deve ser listada no resultado da pesquisa" owner="BDDpt-br" source_name="Então ${KEYWORD}">
<kw name="Run Keyword" owner="BuiltIn">
<kw name="a postagem &quot;Season Premiere: Introdução ao Robot Framework&quot; deve ser listada no resultado da pesquisa" owner="ResourceBDD" source_name="A postagem &quot;${TITULO_POSTAGEM}&quot; deve ser listada no resultado da pesquisa">
<kw name="Verificar resultado da pesquisa" owner="ResourceBDD">
<kw name="Should Be Equal As Strings" owner="BuiltIn">
<msg time="2024-08-08T11:22:50.382519" level="FAIL">Season Premiere: Introdução ao Robot Framework != xpath=.//*[@id='Blog1']/div/article/div[1]/div/h3</msg>
<arg>${TITULO_POSTAGEM}</arg>
<arg>${TITULO}</arg>
<doc>Fails if objects are unequal after converting them to strings.</doc>
<status status="FAIL" start="2024-08-08T11:22:50.382519" elapsed="0.000000">Season Premiere: Introdução ao Robot Framework != xpath=.//*[@id='Blog1']/div/article/div[1]/div/h3</status>
</kw>
<arg>${TITULO_POSTAGEM}</arg>
<status status="FAIL" start="2024-08-08T11:22:50.381521" elapsed="0.000998">Season Premiere: Introdução ao Robot Framework != xpath=.//*[@id='Blog1']/div/article/div[1]/div/h3</status>
</kw>
<status status="FAIL" start="2024-08-08T11:22:50.381521" elapsed="0.000998">Season Premiere: Introdução ao Robot Framework != xpath=.//*[@id='Blog1']/div/article/div[1]/div/h3</status>
</kw>
<arg>${KEYWORD}</arg>
<doc>Executes the given keyword with the given arguments.</doc>
<status status="FAIL" start="2024-08-08T11:22:50.381521" elapsed="0.000998">Season Premiere: Introdução ao Robot Framework != xpath=.//*[@id='Blog1']/div/article/div[1]/div/h3</status>
</kw>
<status status="FAIL" start="2024-08-08T11:22:50.381521" elapsed="0.000998">Season Premiere: Introdução ao Robot Framework != xpath=.//*[@id='Blog1']/div/article/div[1]/div/h3</status>
</kw>
<status status="FAIL" start="2024-08-08T11:22:40.770743" elapsed="9.611776">Season Premiere: Introdução ao Robot Framework != xpath=.//*[@id='Blog1']/div/article/div[1]/div/h3</status>
</test>
<test id="s1-t2" name="Cenário 02: Ler postagem" line="12">
<kw name="Dado que esteja na tela de resultado da pesquisa pela postagem &quot;Season Premiere: Introdução ao Robot Framework&quot;" owner="BDDpt-br" source_name="Dado ${Keyword}">
<kw name="Run Keyword" owner="BuiltIn">
<kw name="que esteja na tela de resultado da pesquisa pela postagem &quot;Season Premiere: Introdução ao Robot Framework&quot;" owner="ResourceBDD" source_name="Que esteja na tela de resultado da pesquisa pela postagem &quot;${TITULO_POSTAGEM}&quot;">
<kw name="Verificar resultado da pesquisa" owner="ResourceBDD">
<kw name="Should Be Equal As Strings" owner="BuiltIn">
<msg time="2024-08-08T11:22:50.385510" level="FAIL">Season Premiere: Introdução ao Robot Framework != xpath=.//*[@id='Blog1']/div/article/div[1]/div/h3</msg>
<arg>${TITULO_POSTAGEM}</arg>
<arg>${TITULO}</arg>
<doc>Fails if objects are unequal after converting them to strings.</doc>
<status status="FAIL" start="2024-08-08T11:22:50.384512" elapsed="0.000998">Season Premiere: Introdução ao Robot Framework != xpath=.//*[@id='Blog1']/div/article/div[1]/div/h3</status>
</kw>
<arg>${TITULO_POSTAGEM}</arg>
<status status="FAIL" start="2024-08-08T11:22:50.384512" elapsed="0.000998">Season Premiere: Introdução ao Robot Framework != xpath=.//*[@id='Blog1']/div/article/div[1]/div/h3</status>
</kw>
<status status="FAIL" start="2024-08-08T11:22:50.384512" elapsed="0.000998">Season Premiere: Introdução ao Robot Framework != xpath=.//*[@id='Blog1']/div/article/div[1]/div/h3</status>
</kw>
<arg>${Keyword}</arg>
<doc>Executes the given keyword with the given arguments.</doc>
<status status="FAIL" start="2024-08-08T11:22:50.384512" elapsed="0.000998">Season Premiere: Introdução ao Robot Framework != xpath=.//*[@id='Blog1']/div/article/div[1]/div/h3</status>
</kw>
<status status="FAIL" start="2024-08-08T11:22:50.383515" elapsed="0.001995">Season Premiere: Introdução ao Robot Framework != xpath=.//*[@id='Blog1']/div/article/div[1]/div/h3</status>
</kw>
<kw name="Quando clicar no link da postagem" owner="BDDpt-br" source_name="Quando ${KEYWORD}">
<status status="NOT RUN" start="2024-08-08T11:22:50.385510" elapsed="0.000000"/>
</kw>
<kw name="Então a tela da postagem &quot;Season Premiere: Introdução ao Robot Framework&quot; deve ser mostrada" owner="BDDpt-br" source_name="Então ${KEYWORD}">
<status status="NOT RUN" start="2024-08-08T11:22:50.386507" elapsed="0.000000"/>
</kw>
<status status="FAIL" start="2024-08-08T11:22:50.383515" elapsed="0.002992">Season Premiere: Introdução ao Robot Framework != xpath=.//*[@id='Blog1']/div/article/div[1]/div/h3</status>
</test>
<kw name="Fechar Navegador" owner="ResourceBDD" type="TEARDOWN">
<kw name="Close All Browsers" owner="SeleniumLibrary">
<doc>Closes all open browsers and resets the browser cache.</doc>
<status status="PASS" start="2024-08-08T11:22:50.387505" elapsed="6.224139"/>
</kw>
<status status="PASS" start="2024-08-08T11:22:50.387505" elapsed="6.224139"/>
</kw>
<status status="FAIL" start="2024-08-08T11:22:40.584794" elapsed="16.026850"/>
</suite>
<statistics>
<total>
<stat pass="0" fail="2" skip="0">All Tests</stat>
</total>
<tag>
</tag>
<suite>
<stat pass="0" fail="2" skip="0" id="s1" name="TestCasesBDDExemplo">TestCasesBDDExemplo</stat>
</suite>
</statistics>
<errors>
</errors>
</robot>
